TN:
SF:script/DeployPolicastMarketV3.s.sol
DA:12,0
FN:12,DeployPolicastMarketV3.setUp
FNDA:0,DeployPolicastMarketV3.setUp
DA:15,0
DA:17,0
DA:20,0
FN:20,DeployPolicastMarketV3.run
FNDA:0,DeployPolicastMarketV3.run
DA:21,0
DA:22,0
DA:23,0
FNF:2
FNH:0
LF:7
LH:0
BRF:0
BRH:0
end_of_record
TN:
SF:src/V3.sol
DA:230,97
FN:230,PolicastMarketV3.constructor
FNDA:97,PolicastMarketV3.constructor
DA:231,97
DA:232,97
DA:233,97
DA:234,97
DA:238,0
FN:238,PolicastMarketV3.updateBettingToken
FNDA:0,PolicastMarketV3.updateBettingToken
DA:239,0
BRDA:239,0,0,-
DA:240,0
BRDA:240,1,0,-
DA:241,0
BRDA:241,2,0,-
DA:243,0
DA:244,0
DA:245,0
DA:247,0
DA:250,0
FN:250,PolicastMarketV3.setFeeCollector
FNDA:0,PolicastMarketV3.setFeeCollector
DA:251,0
BRDA:251,3,0,-
DA:252,0
DA:253,0
DA:254,0
DA:258,6
FN:258,PolicastMarketV3.validMarket
FNDA:6,PolicastMarketV3.validMarket
DA:259,6
BRDA:259,4,0,-
DA:263,0
FN:263,PolicastMarketV3.marketActive
FNDA:0,PolicastMarketV3.marketActive
DA:264,0
BRDA:264,5,0,-
DA:265,0
BRDA:265,6,0,-
DA:266,0
BRDA:266,7,0,-
DA:270,13
FN:270,PolicastMarketV3.validOption
FNDA:13,PolicastMarketV3.validOption
DA:271,13
BRDA:271,8,0,-
DA:272,13
BRDA:272,9,0,-
DA:277,0
FN:277,PolicastMarketV3.grantQuestionCreatorRole
FNDA:0,PolicastMarketV3.grantQuestionCreatorRole
DA:278,0
DA:281,0
FN:281,PolicastMarketV3.grantQuestionResolveRole
FNDA:0,PolicastMarketV3.grantQuestionResolveRole
DA:282,0
DA:285,76
FN:285,PolicastMarketV3.grantMarketValidatorRole
FNDA:76,PolicastMarketV3.grantMarketValidatorRole
DA:286,76
DA:289,0
FN:289,PolicastMarketV3.setPlatformFeeRate
FNDA:0,PolicastMarketV3.setPlatformFeeRate
DA:290,0
BRDA:290,10,0,-
DA:291,0
DA:294,0
FN:294,PolicastMarketV3.pause
FNDA:0,PolicastMarketV3.pause
DA:295,0
DA:298,0
FN:298,PolicastMarketV3.unpause
FNDA:0,PolicastMarketV3.unpause
DA:299,0
DA:303,96
FN:303,PolicastMarketV3.createMarket
FNDA:96,PolicastMarketV3.createMarket
DA:313,96
BRDA:313,11,0,1
DA:314,95
BRDA:314,12,0,2
DA:315,93
BRDA:315,13,0,1
DA:316,92
BRDA:316,14,0,2
DA:317,90
BRDA:317,15,0,1
DA:318,89
BRDA:318,16,0,1
DA:321,88
BRDA:321,17,0,1
DA:323,87
DA:324,87
DA:325,87
DA:326,87
DA:327,87
DA:328,87
DA:329,87
DA:330,87
DA:331,87
DA:332,87
DA:335,87
DA:336,87
DA:339,87
DA:342,87
DA:343,87
DA:346,87
DA:348,87
DA:349,175
DA:361,175
DA:368,87
DA:369,87
DA:371,87
DA:372,0
DA:376,1
FN:376,PolicastMarketV3.createFreeMarket
FNDA:1,PolicastMarketV3.createFreeMarket
DA:388,1
DA:389,1
DA:392,1
BRDA:392,18,0,-
DA:394,1
DA:396,1
DA:397,1
DA:398,1
DA:399,1
DA:400,1
DA:401,1
DA:403,0
DA:407,1
FN:407,PolicastMarketV3.createMarketWithDefaultLiquidity
FNDA:1,PolicastMarketV3.createMarketWithDefaultLiquidity
DA:416,1
DA:417,1
DA:420,79
FN:420,PolicastMarketV3.validateMarket
FNDA:79,PolicastMarketV3.validateMarket
DA:421,79
BRDA:421,19,0,1
DA:422,1
BRDA:422,20,0,1
DA:423,0
BRDA:423,21,0,-
DA:425,77
DA:426,77
DA:429,6
FN:429,PolicastMarketV3.invalidateMarket
FNDA:6,PolicastMarketV3.invalidateMarket
DA:430,6
BRDA:430,22,0,1
DA:431,1
BRDA:431,23,0,1
DA:432,1
BRDA:432,24,0,1
DA:434,3
DA:435,3
DA:438,3
DA:439,3
BRDA:439,25,0,3
DA:440,3
DA:441,3
DA:443,3
BRDA:443,26,0,-
DA:446,3
DA:450,0
FN:450,PolicastMarketV3.claimFreeTokens
FNDA:0,PolicastMarketV3.claimFreeTokens
DA:453,0
DA:454,0
BRDA:454,27,0,-
DA:455,0
BRDA:455,28,0,-
DA:456,0
BRDA:456,29,0,-
DA:457,0
BRDA:457,30,0,-
DA:458,0
BRDA:458,31,0,-
DA:460,0
DA:463,0
DA:464,0
DA:465,0
DA:466,0
DA:469,0
BRDA:469,32,0,-
DA:470,0
DA:471,0
BRDA:471,33,0,-
DA:472,0
DA:477,0
BRDA:477,34,0,-
DA:480,0
DA:482,0
DA:486,11
FN:486,PolicastMarketV3.ammSwap
FNDA:11,PolicastMarketV3.ammSwap
DA:493,11
BRDA:493,35,0,2
DA:494,9
BRDA:494,36,0,-
DA:495,9
BRDA:495,37,0,2
DA:497,7
DA:498,7
DA:499,7
DA:502,7
DA:503,7
DA:506,7
DA:507,7
DA:510,7
DA:513,7
DA:514,7
BRDA:514,38,0,4
DA:515,3
BRDA:515,39,0,-
DA:518,3
DA:519,3
DA:522,3
DA:523,3
DA:526,3
DA:527,3
DA:530,3
DA:536,3
DA:542,3
DA:543,0
DA:546,44
FN:546,PolicastMarketV3.buyShares
FNDA:44,PolicastMarketV3.buyShares
DA:552,44
BRDA:552,40,0,2
DA:553,42
BRDA:553,41,0,2
DA:555,40
DA:556,40
DA:559,40
DA:560,40
DA:561,40
BRDA:561,42,0,2
DA:563,38
BRDA:563,43,0,-
DA:566,36
DA:569,36
BRDA:569,44,0,35
DA:570,35
DA:571,35
BRDA:571,45,0,35
DA:572,35
DA:576,36
DA:577,36
DA:580,36
DA:581,36
DA:583,36
DA:584,36
DA:585,36
DA:586,36
DA:587,36
DA:590,36
DA:591,36
DA:594,36
DA:597,36
DA:604,36
DA:614,36
DA:615,36
DA:617,36
DA:618,36
DA:621,13
FN:621,PolicastMarketV3.sellShares
FNDA:13,PolicastMarketV3.sellShares
DA:627,13
BRDA:627,46,0,-
DA:628,13
BRDA:628,47,0,2
DA:630,11
DA:631,11
DA:634,11
DA:635,11
DA:636,11
BRDA:636,48,0,2
DA:639,9
DA:642,9
DA:643,9
DA:646,9
DA:647,9
DA:649,9
DA:650,9
DA:651,9
DA:652,9
DA:655,9
DA:659,9
DA:660,9
DA:661,9
DA:664,9
DA:671,9
DA:681,9
DA:682,9
DA:684,9
BRDA:684,49,0,2
DA:686,7
DA:687,7
DA:688,7
DA:692,0
FN:692,PolicastMarketV3.resolveMarket
FNDA:0,PolicastMarketV3.resolveMarket
DA:693,0
BRDA:693,50,0,-
DA:694,0
DA:695,0
BRDA:695,51,0,-
DA:696,0
BRDA:696,52,0,-
DA:697,0
BRDA:697,53,0,-
DA:699,0
DA:700,0
DA:702,0
DA:705,0
FN:705,PolicastMarketV3.disputeMarket
FNDA:0,PolicastMarketV3.disputeMarket
DA:706,0
BRDA:706,54,0,-
DA:707,0
BRDA:707,55,0,-
DA:708,0
BRDA:708,56,0,-
DA:710,0
DA:711,0
DA:715,0
FN:715,PolicastMarketV3.claimWinnings
FNDA:0,PolicastMarketV3.claimWinnings
DA:716,0
DA:717,0
BRDA:717,57,0,-
DA:718,0
BRDA:718,58,0,-
DA:720,0
DA:721,0
BRDA:721,59,0,-
DA:723,0
DA:725,0
DA:727,0
DA:730,0
DA:731,0
DA:732,0
DA:734,0
BRDA:734,60,0,-
DA:735,0
DA:740,60
FN:740,PolicastMarketV3.calculateCurrentPrice
FNDA:60,PolicastMarketV3.calculateCurrentPrice
DA:741,60
DA:742,60
DA:745,22
FN:745,PolicastMarketV3.calculateNewPrice
FNDA:22,PolicastMarketV3.calculateNewPrice
DA:746,22
DA:747,22
DA:750,22
DA:751,22
DA:753,11
BRDA:753,61,0,11
BRDA:753,61,1,-
DA:758,11
DA:759,11
DA:763,11
DA:764,11
DA:769,0
FN:769,PolicastMarketV3.addAMMLiquidity
FNDA:0,PolicastMarketV3.addAMMLiquidity
DA:770,0
BRDA:770,62,0,-
DA:771,0
BRDA:771,63,0,-
DA:773,0
DA:774,0
DA:777,0
BRDA:777,64,0,-
DA:778,0
DA:780,0
DA:783,0
DA:784,0
DA:785,0
DA:786,0
DA:789,0
DA:792,0
FN:792,PolicastMarketV3.calculateSellPrice
FNDA:0,PolicastMarketV3.calculateSellPrice
DA:793,0
DA:794,0
DA:797,0
DA:798,0
DA:799,0
DA:802,0
DA:806,75
FN:806,PolicastMarketV3.calculateAMMBuyCost
FNDA:75,PolicastMarketV3.calculateAMMBuyCost
DA:807,75
DA:809,75
DA:810,75
DA:813,75
DA:814,75
DA:817,75
DA:821,75
DA:822,75
DA:823,75
DA:824,75
DA:827,75
DA:828,75
DA:831,25
FN:831,PolicastMarketV3.calculateAMMSellRevenue
FNDA:25,PolicastMarketV3.calculateAMMSellRevenue
DA:832,25
DA:834,25
DA:835,25
DA:838,25
DA:839,25
DA:842,25
DA:846,25
DA:847,25
DA:848,25
DA:849,25
DA:852,25
DA:853,25
DA:857,0
FN:857,PolicastMarketV3.getMarketOdds
FNDA:0,PolicastMarketV3.getMarketOdds
DA:858,0
DA:859,0
DA:861,0
DA:862,0
DA:863,0
DA:866,0
DA:867,0
DA:870,0
DA:874,0
FN:874,PolicastMarketV3.pauseMarket
FNDA:0,PolicastMarketV3.pauseMarket
DA:875,0
DA:876,0
DA:879,0
FN:879,PolicastMarketV3.updateBettingTokenAddress
FNDA:0,PolicastMarketV3.updateBettingTokenAddress
DA:880,0
BRDA:880,67,0,-
DA:881,0
DA:882,0
DA:883,0
DA:885,0
DA:889,0
FN:889,PolicastMarketV3.withdrawPlatformFees
FNDA:0,PolicastMarketV3.withdrawPlatformFees
DA:890,0
BRDA:890,68,0,-
DA:891,0
BRDA:891,69,0,-
DA:893,0
DA:894,0
DA:896,0
BRDA:896,70,0,-
DA:897,0
DA:901,0
FN:901,PolicastMarketV3.withdrawAdminLiquidity
FNDA:0,PolicastMarketV3.withdrawAdminLiquidity
DA:902,0
DA:903,0
BRDA:903,71,0,-
DA:904,0
BRDA:904,72,0,-
DA:905,0
BRDA:905,73,0,-
DA:906,0
BRDA:906,74,0,-
DA:908,0
DA:909,0
DA:911,0
BRDA:911,75,0,-
DA:912,0
DA:916,0
FN:916,PolicastMarketV3.withdrawUnusedPrizePool
FNDA:0,PolicastMarketV3.withdrawUnusedPrizePool
DA:917,0
DA:918,0
BRDA:918,76,0,-
DA:919,0
BRDA:919,77,0,-
DA:920,0
BRDA:920,78,0,-
DA:921,0
BRDA:921,79,0,-
DA:923,0
DA:924,0
DA:926,0
BRDA:926,80,0,-
DA:927,0
DA:931,0
FN:931,PolicastMarketV3.claimLPRewards
FNDA:0,PolicastMarketV3.claimLPRewards
DA:932,0
DA:933,0
BRDA:933,81,0,-
DA:934,0
BRDA:934,82,0,-
DA:935,0
BRDA:935,83,0,-
DA:938,0
DA:939,0
DA:941,0
BRDA:941,84,0,-
DA:943,0
DA:944,0
DA:946,0
BRDA:946,85,0,-
DA:947,0
DA:951,36
FN:951,PolicastMarketV3._isNewParticipant
FNDA:36,PolicastMarketV3._isNewParticipant
DA:952,36
DA:953,36
DA:954,71
BRDA:954,86,0,1
DA:955,1
DA:958,35
DA:962,2
FN:962,PolicastMarketV3.getMarketInfo
FNDA:2,PolicastMarketV3.getMarketInfo
DA:974,2
DA:975,2
DA:989,6
FN:989,PolicastMarketV3.getMarketOption
FNDA:6,PolicastMarketV3.getMarketOption
DA:997,6
DA:998,6
DA:1008,14
FN:1008,PolicastMarketV3.getUserShares
FNDA:14,PolicastMarketV3.getUserShares
DA:1009,14
DA:1010,14
DA:1011,14
DA:1012,28
DA:1014,0
DA:1017,0
FN:1017,PolicastMarketV3.getUserPortfolio
FNDA:0,PolicastMarketV3.getUserPortfolio
DA:1018,0
DA:1021,0
FN:1021,PolicastMarketV3.getPriceHistory
FNDA:0,PolicastMarketV3.getPriceHistory
DA:1022,0
DA:1023,0
DA:1024,0
DA:1026,0
DA:1027,0
DA:1029,0
DA:1030,0
DA:1033,0
DA:1036,0
FN:1036,PolicastMarketV3.getMarketsByCategory
FNDA:0,PolicastMarketV3.getMarketsByCategory
DA:1037,0
DA:1038,0
DA:1039,0
DA:1041,0
DA:1042,0
DA:1044,0
DA:1045,0
DA:1048,0
DA:1051,0
FN:1051,PolicastMarketV3.getMarketCount
FNDA:0,PolicastMarketV3.getMarketCount
DA:1052,0
DA:1055,0
FN:1055,PolicastMarketV3.getBettingToken
FNDA:0,PolicastMarketV3.getBettingToken
DA:1056,0
DA:1060,0
FN:1060,PolicastMarketV3.getMarketFinancials
FNDA:0,PolicastMarketV3.getMarketFinancials
DA:1067,0
DA:1068,0
DA:1078,0
FN:1078,PolicastMarketV3.getLPInfo
FNDA:0,PolicastMarketV3.getLPInfo
DA:1083,0
DA:1084,0
DA:1085,0
DA:1087,0
DA:1088,0
BRDA:1088,87,0,-
DA:1089,0
DA:1092,0
DA:1096,0
FN:1096,PolicastMarketV3.getPlatformStats
FNDA:0,PolicastMarketV3.getPlatformStats
DA:1102,0
DA:1111,1
FN:1111,PolicastMarketV3.getFreeMarketInfo
FNDA:1,PolicastMarketV3.getFreeMarketInfo
DA:1119,1
DA:1120,1
BRDA:1120,88,0,-
DA:1122,1
DA:1133,0
FN:1133,PolicastMarketV3.hasUserClaimedFreeTokens
FNDA:0,PolicastMarketV3.hasUserClaimedFreeTokens
DA:1134,0
DA:1135,0
BRDA:1135,89,0,-
DA:1137,0
FNF:51
FNH:21
LF:417
LH:218
BRF:89
BRH:26
end_of_record
TN:
SF:test/mocks/MockERC20.sol
DA:7,97
FN:7,MockERC20.constructor
FNDA:97,MockERC20.constructor
DA:8,97
DA:11,266
FN:11,MockERC20.mint
FNDA:266,MockERC20.mint
DA:12,266
FNF:2
FNH:2
LF:4
LH:4
BRF:0
BRH:0
end_of_record
